\o Program:		@(#)$CDS: libManager version 23.1 - CAT38 11/08/2024 03:48 (sjfdcl85) $
\o Sub version:		sub-version  s111 
\o Arguments:		-unmapped -mpssession virtuoso4003749 -mpshost ececomp3.ecn.purdue.edu -masterPID 4003749 -ADVM 
\o Working Directory:	ececomp3.ecn.purdue.edu:/home/ecegridfs/a/559mg81
\o 64-bit offsets
\o Qt version: 		5.15.9
\o MPS virtuoso types registered: 68
\o changeWorkingDir("/home/ecegridfs/a/559mg81") unnecessary.
\o ddSetForcedLib("") unnecessary.
\o Session hidden cells enabled.
\o Log file is "/home/ecegridfs/a/559mg81/libManager.log".
\o Opening libManager window.
\a nrSetWindowVisibility(cdsLibManager "show")
\o MPS service: map window
\a nrSetCurrentWindow(cdsLibManager)
\o Library Manager customization server connected.
\a nrResizeWindow(cdsLibManager list(166 150 824 491))
\a nrSetCurrentWindow(cdsLibManager)
\a nrResizeWindow(cdsLibManager list(1367 402 824 491))
\a cdsLibManager->libListBox->value = "tutorial"
\a cdsLibManager->libLineEdit->value = "tutorial"
\a cdsLibManager->cellListBox->value = "WallaceProject2"
\a cdsLibManager->cellLineEdit->value = "WallaceProject2"
\a cdsLibManager->viewListBox->value = "av_extracted"
\a cdsLibManager->viewLineEdit->value = "av_extracted"
\a lmgrLogShowPopup("mainListPopup2" 65 10 2 "av_extracted")
\a cdsLibManager->editDeleteButton->value = t
\a deleteForm->deleteFilterEdit->value = "*"
\a deleteForm->notDeleteFilterEdit->value = "*"
\a nrSetWindowVisibility(deleteForm "show")
\a nrSetCurrentWindow(deleteForm)
\a nrResizeWindow(deleteForm list(1461 406 627 425))
\a deleteForm->OK->value = t
\o QUESTION (CLM-199): The following 1 items are marked for deletion.  Are you sure?
\a nrSetWindowVisibility(mcMBXDLG "show")
\a nrSetCurrentWindow(mcMBXDLG)
\a nrResizeWindow(mcMBXDLG list(1620 544 268 91))
\a mcMBXDLG->pushButton1->value = t
\o Deleting view "av_extracted" from cell "WallaceProject2" in library "tutorial".
\a nrSetWindowVisibility(workingDialogForm "show")
\a nrSetCurrentWindow(cdsLibManager)
\a nrSetCurrentWindow(workingDialogForm)
\o Deleted cellview 'tutorial/WallaceProject2/av_extracted'.
\o Deletion of 1 view done.
\a cdsLibManager->viewLineEdit->value = "layout"
\a cdsLibManager->viewListBox->value = nil
\a cdsLibManager->viewLineEdit->value = ""
\a nrResizeWindow(workingDialogForm list(1640 552 268 133))
\a nrSetCurrentWindow(cdsLibManager)
\a cdsLibManager->libListBox->value = nil
\a cdsLibManager->libLineEdit->value = ""
\a cdsLibManager->cellListBox->value = nil
\a cdsLibManager->cellLineEdit->value = ""
\a cdsLibManager->libListBox->value = "tutorial"
\a cdsLibManager->libLineEdit->value = "tutorial"
\a cdsLibManager->cellListBox->value = "WallaceProject2"
\a cdsLibManager->cellLineEdit->value = "WallaceProject2"
\a nrSetCurrentWindow(cdsLibManager)
\a nrSetWindowVisibility(cdsLibManager "hide")
\a _lmgrCloseIconify("cdsLibManager" 1)
\a cdsLibManager->libListBox->value = nil
\a cdsLibManager->libLineEdit->value = ""
\a cdsLibManager->cellListBox->value = nil
\a cdsLibManager->cellLineEdit->value = ""
\a cdsLibManager->libListBox->value = "tutorial"
\a cdsLibManager->libLineEdit->value = "tutorial"
\a cdsLibManager->cellListBox->value = "WallaceProject2"
\a cdsLibManager->cellLineEdit->value = "WallaceProject2"
\a cdsLibManager->libListBox->value = nil
\a cdsLibManager->libLineEdit->value = ""
\a cdsLibManager->cellListBox->value = nil
\a cdsLibManager->cellLineEdit->value = ""
\a cdsLibManager->libListBox->value = "tutorial"
\a cdsLibManager->libLineEdit->value = "tutorial"
\a cdsLibManager->cellListBox->value = "WallaceProject2"
\a cdsLibManager->cellLineEdit->value = "WallaceProject2"
\a cdsLibManager->libListBox->value = nil
\a cdsLibManager->libLineEdit->value = ""
\a cdsLibManager->cellListBox->value = nil
\a cdsLibManager->cellLineEdit->value = ""
\a cdsLibManager->libListBox->value = "tutorial"
\a cdsLibManager->libLineEdit->value = "tutorial"
\a cdsLibManager->cellListBox->value = "WallaceProject2"
\a cdsLibManager->cellLineEdit->value = "WallaceProject2"
\a cdsLibManager->libListBox->value = nil
\a cdsLibManager->libLineEdit->value = ""
\a cdsLibManager->cellListBox->value = nil
\a cdsLibManager->cellLineEdit->value = ""
\a cdsLibManager->libListBox->value = "tutorial"
\a cdsLibManager->libLineEdit->value = "tutorial"
\a cdsLibManager->cellListBox->value = "WallaceProject2"
\a cdsLibManager->cellLineEdit->value = "WallaceProject2"
\a cdsLibManager->libListBox->value = nil
\a cdsLibManager->libLineEdit->value = ""
\a cdsLibManager->cellListBox->value = nil
\a cdsLibManager->cellLineEdit->value = ""
\a cdsLibManager->libListBox->value = "tutorial"
\a cdsLibManager->libLineEdit->value = "tutorial"
\a cdsLibManager->cellListBox->value = "WallaceProject2"
\a cdsLibManager->cellLineEdit->value = "WallaceProject2"
\a cdsLibManager->libListBox->value = nil
\a cdsLibManager->libLineEdit->value = ""
\a cdsLibManager->cellListBox->value = nil
\a cdsLibManager->cellLineEdit->value = ""
\a cdsLibManager->libListBox->value = "tutorial"
\a cdsLibManager->libLineEdit->value = "tutorial"
\a cdsLibManager->cellListBox->value = "WallaceProject2"
\a cdsLibManager->cellLineEdit->value = "WallaceProject2"
\a cdsLibManager->libListBox->value = nil
\a cdsLibManager->libLineEdit->value = ""
\a cdsLibManager->cellListBox->value = nil
\a cdsLibManager->cellLineEdit->value = ""
\a cdsLibManager->libListBox->value = "tutorial"
\a cdsLibManager->libLineEdit->value = "tutorial"
\a cdsLibManager->cellListBox->value = "WallaceProject2"
\a cdsLibManager->cellLineEdit->value = "WallaceProject2"
\a cdsLibManager->libListBox->value = nil
\a cdsLibManager->libLineEdit->value = ""
\a cdsLibManager->cellListBox->value = nil
\a cdsLibManager->cellLineEdit->value = ""
\a cdsLibManager->libListBox->value = "tutorial"
\a cdsLibManager->libLineEdit->value = "tutorial"
\a cdsLibManager->cellListBox->value = "WallaceProject2"
\a cdsLibManager->cellLineEdit->value = "WallaceProject2"
\a cdsLibManager->libListBox->value = nil
\a cdsLibManager->libLineEdit->value = ""
\a cdsLibManager->cellListBox->value = nil
\a cdsLibManager->cellLineEdit->value = ""
\a cdsLibManager->libListBox->value = "tutorial"
\a cdsLibManager->libLineEdit->value = "tutorial"
\a cdsLibManager->cellListBox->value = "WallaceProject2"
\a cdsLibManager->cellLineEdit->value = "WallaceProject2"
\a cdsLibManager->libListBox->value = nil
\a cdsLibManager->libLineEdit->value = ""
\a cdsLibManager->cellListBox->value = nil
\a cdsLibManager->cellLineEdit->value = ""
\a cdsLibManager->libListBox->value = "tutorial"
\a cdsLibManager->libLineEdit->value = "tutorial"
\a cdsLibManager->cellListBox->value = "WallaceProject2"
\a cdsLibManager->cellLineEdit->value = "WallaceProject2"
\a cdsLibManager->libListBox->value = nil
\a cdsLibManager->libLineEdit->value = ""
\a cdsLibManager->cellListBox->value = nil
\a cdsLibManager->cellLineEdit->value = ""
\a cdsLibManager->libListBox->value = "tutorial"
\a cdsLibManager->libLineEdit->value = "tutorial"
\a cdsLibManager->cellListBox->value = "WallaceProject2"
\a cdsLibManager->cellLineEdit->value = "WallaceProject2"
\a cdsLibManager->libListBox->value = nil
\a cdsLibManager->libLineEdit->value = ""
\a cdsLibManager->cellListBox->value = nil
\a cdsLibManager->cellLineEdit->value = ""
\a cdsLibManager->libListBox->value = "tutorial"
\a cdsLibManager->libLineEdit->value = "tutorial"
\a cdsLibManager->cellListBox->value = "WallaceProject2"
\a cdsLibManager->cellLineEdit->value = "WallaceProject2"
\a cdsLibManager->libListBox->value = nil
\a cdsLibManager->libLineEdit->value = ""
\a cdsLibManager->cellListBox->value = nil
\a cdsLibManager->cellLineEdit->value = ""
\a cdsLibManager->libListBox->value = "tutorial"
\a cdsLibManager->libLineEdit->value = "tutorial"
\a cdsLibManager->cellListBox->value = "WallaceProject2"
\a cdsLibManager->cellLineEdit->value = "WallaceProject2"
\a cdsLibManager->libListBox->value = nil
\a cdsLibManager->libLineEdit->value = ""
\a cdsLibManager->cellListBox->value = nil
\a cdsLibManager->cellLineEdit->value = ""
\a cdsLibManager->libListBox->value = "tutorial"
\a cdsLibManager->libLineEdit->value = "tutorial"
\a cdsLibManager->cellListBox->value = "WallaceProject2"
\a cdsLibManager->cellLineEdit->value = "WallaceProject2"
\a cdsLibManager->libListBox->value = nil
\a cdsLibManager->libLineEdit->value = ""
\a cdsLibManager->cellListBox->value = nil
\a cdsLibManager->cellLineEdit->value = ""
\a cdsLibManager->libListBox->value = "tutorial"
\a cdsLibManager->libLineEdit->value = "tutorial"
\a cdsLibManager->cellListBox->value = "WallaceProject2"
\a cdsLibManager->cellLineEdit->value = "WallaceProject2"
\a cdsLibManager->libListBox->value = nil
\a cdsLibManager->libLineEdit->value = ""
\a cdsLibManager->cellListBox->value = nil
\a cdsLibManager->cellLineEdit->value = ""
\a cdsLibManager->libListBox->value = "tutorial"
\a cdsLibManager->libLineEdit->value = "tutorial"
\a cdsLibManager->cellListBox->value = "WallaceProject2"
\a cdsLibManager->cellLineEdit->value = "WallaceProject2"
\a cdsLibManager->libListBox->value = nil
\a cdsLibManager->libLineEdit->value = ""
\a cdsLibManager->cellListBox->value = nil
\a cdsLibManager->cellLineEdit->value = ""
\a cdsLibManager->libListBox->value = "tutorial"
\a cdsLibManager->libLineEdit->value = "tutorial"
\a cdsLibManager->cellListBox->value = "WallaceProject2"
\a cdsLibManager->cellLineEdit->value = "WallaceProject2"
\a cdsLibManager->libListBox->value = nil
\a cdsLibManager->libLineEdit->value = ""
\a cdsLibManager->cellListBox->value = nil
\a cdsLibManager->cellLineEdit->value = ""
\a cdsLibManager->libListBox->value = "tutorial"
\a cdsLibManager->libLineEdit->value = "tutorial"
\a cdsLibManager->cellListBox->value = "WallaceProject2"
\a cdsLibManager->cellLineEdit->value = "WallaceProject2"
\a cdsLibManager->libListBox->value = nil
\a cdsLibManager->libLineEdit->value = ""
\a cdsLibManager->cellListBox->value = nil
\a cdsLibManager->cellLineEdit->value = ""
\a cdsLibManager->libListBox->value = "tutorial"
\a cdsLibManager->libLineEdit->value = "tutorial"
\a cdsLibManager->cellListBox->value = "WallaceProject2"
\a cdsLibManager->cellLineEdit->value = "WallaceProject2"
\a cdsLibManager->libListBox->value = nil
\a cdsLibManager->libLineEdit->value = ""
\a cdsLibManager->cellListBox->value = nil
\a cdsLibManager->cellLineEdit->value = ""
\a cdsLibManager->libListBox->value = "tutorial"
\a cdsLibManager->libLineEdit->value = "tutorial"
\a cdsLibManager->cellListBox->value = "WallaceProject2"
\a cdsLibManager->cellLineEdit->value = "WallaceProject2"
\a cdsLibManager->libListBox->value = nil
\a cdsLibManager->libLineEdit->value = ""
\a cdsLibManager->cellListBox->value = nil
\a cdsLibManager->cellLineEdit->value = ""
\a cdsLibManager->libListBox->value = "tutorial"
\a cdsLibManager->libLineEdit->value = "tutorial"
\a cdsLibManager->cellListBox->value = "WallaceProject2"
\a cdsLibManager->cellLineEdit->value = "WallaceProject2"
\a cdsLibManager->libListBox->value = nil
\a cdsLibManager->libLineEdit->value = ""
\a cdsLibManager->cellListBox->value = nil
\a cdsLibManager->cellLineEdit->value = ""
\a cdsLibManager->libListBox->value = "tutorial"
\a cdsLibManager->libLineEdit->value = "tutorial"
\a cdsLibManager->cellListBox->value = "WallaceProject2"
\a cdsLibManager->cellLineEdit->value = "WallaceProject2"
\a cdsLibManager->libListBox->value = nil
\a cdsLibManager->libLineEdit->value = ""
\a cdsLibManager->cellListBox->value = nil
\a cdsLibManager->cellLineEdit->value = ""
\a cdsLibManager->libListBox->value = "tutorial"
\a cdsLibManager->libLineEdit->value = "tutorial"
\a cdsLibManager->cellListBox->value = "WallaceProject2"
\a cdsLibManager->cellLineEdit->value = "WallaceProject2"
\a cdsLibManager->libListBox->value = nil
\a cdsLibManager->libLineEdit->value = ""
\a cdsLibManager->cellListBox->value = nil
\a cdsLibManager->cellLineEdit->value = ""
\a cdsLibManager->libListBox->value = "tutorial"
\a cdsLibManager->libLineEdit->value = "tutorial"
\a cdsLibManager->cellListBox->value = "WallaceProject2"
\a cdsLibManager->cellLineEdit->value = "WallaceProject2"
\a cdsLibManager->libListBox->value = nil
\a cdsLibManager->libLineEdit->value = ""
\a cdsLibManager->cellListBox->value = nil
\a cdsLibManager->cellLineEdit->value = ""
\a cdsLibManager->libListBox->value = "tutorial"
\a cdsLibManager->libLineEdit->value = "tutorial"
\a cdsLibManager->cellListBox->value = "WallaceProject2"
\a cdsLibManager->cellLineEdit->value = "WallaceProject2"
\a cdsLibManager->libListBox->value = nil
\a cdsLibManager->libLineEdit->value = ""
\a cdsLibManager->cellListBox->value = nil
\a cdsLibManager->cellLineEdit->value = ""
\a cdsLibManager->libListBox->value = "tutorial"
\a cdsLibManager->libLineEdit->value = "tutorial"
\a cdsLibManager->cellListBox->value = "WallaceProject2"
\a cdsLibManager->cellLineEdit->value = "WallaceProject2"
\a cdsLibManager->libListBox->value = nil
\a cdsLibManager->libLineEdit->value = ""
\a cdsLibManager->cellListBox->value = nil
\a cdsLibManager->cellLineEdit->value = ""
\a cdsLibManager->libListBox->value = "tutorial"
\a cdsLibManager->libLineEdit->value = "tutorial"
\a cdsLibManager->cellListBox->value = "WallaceProject2"
\a cdsLibManager->cellLineEdit->value = "WallaceProject2"
\a cdsLibManager->libListBox->value = nil
\a cdsLibManager->libLineEdit->value = ""
\a cdsLibManager->cellListBox->value = nil
\a cdsLibManager->cellLineEdit->value = ""
\a cdsLibManager->libListBox->value = "tutorial"
\a cdsLibManager->libLineEdit->value = "tutorial"
\a cdsLibManager->cellListBox->value = "WallaceProject2"
\a cdsLibManager->cellLineEdit->value = "WallaceProject2"
\a cdsLibManager->libListBox->value = nil
\a cdsLibManager->libLineEdit->value = ""
\a cdsLibManager->cellListBox->value = nil
\a cdsLibManager->cellLineEdit->value = ""
\a cdsLibManager->libListBox->value = "tutorial"
\a cdsLibManager->libLineEdit->value = "tutorial"
\a cdsLibManager->cellListBox->value = "WallaceProject2"
\a cdsLibManager->cellLineEdit->value = "WallaceProject2"
\a nrSetWindowVisibility(cdsLibManager "show")
\a nrSetCurrentWindow(cdsLibManager)
\a nrSetWindowVisibility(cdsLibManager "hide")
\a _lmgrCloseIconify("cdsLibManager" 1)
